2020-06-17 11:13:03,228 ERROR org.springframework.boot.diagnostics.LoggingFailureAnalysisReporter [main] 

***************************
APPLICATION FAILED TO START
***************************

Description:

Field dataSource in ap.sb.dao.ProductDao required a bean of type 'javax.sql.DataSource' that could not be found.

The injection point has the following annotations:
	- @org.springframework.beans.factory.annotation.Autowired(required=true)

The following candidates were found but could not be injected:
	- Bean method 'dataSource' in 'JndiDataSourceAutoConfiguration' not loaded because @ConditionalOnClass did not find required class 'org.springframework.jdbc.datasource.embedded.EmbeddedDatabaseType'
	- Bean method 'dataSource' in 'XADataSourceAutoConfiguration' not loaded because @ConditionalOnClass did not find required class 'javax.transaction.TransactionManager'


Action:

Consider revisiting the entries above or defining a bean of type 'javax.sql.DataSource' in your configuration.

2020-06-17 11:45:24,557 ERROR org.springframework.boot.diagnostics.LoggingFailureAnalysisReporter [main] 

***************************
APPLICATION FAILED TO START
***************************

Description:

Field dataSource in ap.sb.dao.ProductDao required a bean of type 'javax.sql.DataSource' that could not be found.

The injection point has the following annotations:
	- @org.springframework.beans.factory.annotation.Autowired(required=true)

The following candidates were found but could not be injected:
	- Bean method 'dataSource' in 'JndiDataSourceAutoConfiguration' not loaded because @ConditionalOnClass did not find required class 'org.springframework.jdbc.datasource.embedded.EmbeddedDatabaseType'
	- Bean method 'dataSource' in 'XADataSourceAutoConfiguration' not loaded because @ConditionalOnClass did not find required class 'javax.transaction.TransactionManager'


Action:

Consider revisiting the entries above or defining a bean of type 'javax.sql.DataSource' in your configuration.

